C:\USERS\XABLE\DOCUMENTS\GITHUB\EXTENSIONS-XABLECHARACTEROBJECT\EXTENSIONS\TEMPLATE\RELEASERUNTIMEUNICODE\ACTIONS.OBJ
C:\USERS\XABLE\DOCUMENTS\GITHUB\EXTENSIONS-XABLECHARACTEROBJECT\EXTENSIONS\TEMPLATE\RELEASERUNTIMEUNICODE\CONDITIONS.OBJ
C:\USERS\XABLE\DOCUMENTS\GITHUB\EXTENSIONS-XABLECHARACTEROBJECT\EXTENSIONS\TEMPLATE\RELEASERUNTIMEUNICODE\EDITTIME.OBJ
C:\USERS\XABLE\DOCUMENTS\GITHUB\EXTENSIONS-XABLECHARACTEROBJECT\EXTENSIONS\TEMPLATE\RELEASERUNTIMEUNICODE\EXTENSION.OBJ
C:\USERS\XABLE\DOCUMENTS\GITHUB\EXTENSIONS-XABLECHARACTEROBJECT\EXTENSIONS\TEMPLATE\RELEASERUNTIMEUNICODE\GENERAL.OBJ
C:\USERS\XABLE\DOCUMENTS\GITHUB\EXTENSIONS-XABLECHARACTEROBJECT\EXTENSIONS\TEMPLATE\RELEASERUNTIMEUNICODE\RUNTIME.OBJ
C:\USERS\XABLE\DOCUMENTS\GITHUB\EXTENSIONS-XABLECHARACTEROBJECT\EXTENSIONS\TEMPLATE\RELEASERUNTIMEUNICODE\OBJECTSELECTION.OBJ
C:\USERS\XABLE\DOCUMENTS\GITHUB\EXTENSIONS-XABLECHARACTEROBJECT\EXTENSIONS\TEMPLATE\RELEASERUNTIMEUNICODE\EDIF.OBJ
C:\USERS\XABLE\DOCUMENTS\GITHUB\EXTENSIONS-XABLECHARACTEROBJECT\EXTENSIONS\TEMPLATE\RELEASERUNTIMEUNICODE\EDIF.EDITTIME.OBJ
C:\USERS\XABLE\DOCUMENTS\GITHUB\EXTENSIONS-XABLECHARACTEROBJECT\EXTENSIONS\TEMPLATE\RELEASERUNTIMEUNICODE\EDIF.GENERAL.OBJ
C:\USERS\XABLE\DOCUMENTS\GITHUB\EXTENSIONS-XABLECHARACTEROBJECT\EXTENSIONS\TEMPLATE\RELEASERUNTIMEUNICODE\EDIF.RUNTIME.OBJ
C:\USERS\XABLE\DOCUMENTS\GITHUB\EXTENSIONS-XABLECHARACTEROBJECT\EXTENSIONS\TEMPLATE\RELEASERUNTIMEUNICODE\VC110.PDB
C:\Users\Xable\Documents\GitHub\Extensions-XableCharacterObject\Extensions\Template\ReleaseRuntimeUnicode\Actions.obj
C:\Users\Xable\Documents\GitHub\Extensions-XableCharacterObject\Extensions\Template\ReleaseRuntimeUnicode\Conditions.obj
C:\Users\Xable\Documents\GitHub\Extensions-XableCharacterObject\Extensions\Template\ReleaseRuntimeUnicode\Edif.Edittime.obj
C:\Users\Xable\Documents\GitHub\Extensions-XableCharacterObject\Extensions\Template\ReleaseRuntimeUnicode\Edif.General.obj
C:\Users\Xable\Documents\GitHub\Extensions-XableCharacterObject\Extensions\Template\ReleaseRuntimeUnicode\Edif.obj
C:\Users\Xable\Documents\GitHub\Extensions-XableCharacterObject\Extensions\Template\ReleaseRuntimeUnicode\Edif.Runtime.obj
C:\Users\Xable\Documents\GitHub\Extensions-XableCharacterObject\Extensions\Template\ReleaseRuntimeUnicode\Edittime.obj
C:\Users\Xable\Documents\GitHub\Extensions-XableCharacterObject\Extensions\Template\ReleaseRuntimeUnicode\Extension.obj
C:\Users\Xable\Documents\GitHub\Extensions-XableCharacterObject\Extensions\Template\ReleaseRuntimeUnicode\General.obj
C:\Users\Xable\Documents\GitHub\Extensions-XableCharacterObject\Extensions\Template\ReleaseRuntimeUnicode\ObjectSelection.obj
C:\Users\Xable\Documents\GitHub\Extensions-XableCharacterObject\Extensions\Template\ReleaseRuntimeUnicode\Runtime.obj
C:\Users\Xable\Documents\GitHub\Extensions-XableCharacterObject\Extensions\Template\ReleaseRuntimeUnicode\cl.command.1.tlog
C:\Users\Xable\Documents\GitHub\Extensions-XableCharacterObject\Extensions\Template\ReleaseRuntimeUnicode\CL.read.1.tlog
C:\Users\Xable\Documents\GitHub\Extensions-XableCharacterObject\Extensions\Template\ReleaseRuntimeUnicode\CL.write.1.tlog
C:\Users\Xable\Documents\GitHub\Extensions-XableCharacterObject\Extensions\Template\ReleaseRuntimeUnicode\vc110.idb
C:\Users\Xable\Documents\GitHub\Extensions-XableCharacterObject\Extensions\Template\ReleaseRuntimeUnicode\vc110.pdb
